2023-03-23T14:29:58.422467+00:00 CRITICAL 'ansible_navigator.actions.run_8fd1._handle_message' Unhandled message from runner queue, discarded: {'event': 'verbose', 'uuid': 'a8c93a4f-b359-4e5e-9626-3315743a0afc', 'counter': 1, 'stdout': '\x1b[1;35m[WARNING]: provided hosts list is empty, only localhost is available. Note that\x1b[0m', 'start_line': 0, 'end_line': 1, 'runner_ident': '3c19fc4f-f799-428f-81b6-f8590994a03d', 'created': '2023-03-23T14:29:58.422114'}
2023-03-23T14:29:58.423390+00:00 CRITICAL 'ansible_navigator.actions.run_8fd1._handle_message' Unhandled message from runner queue, discarded: {'event': 'verbose', 'uuid': '552e9e5f-ad0e-4bdc-86d2-e382cf870762', 'counter': 2, 'stdout': "\x1b[1;35mthe implicit localhost does not match 'all'\x1b[0m", 'start_line': 1, 'end_line': 2, 'runner_ident': '3c19fc4f-f799-428f-81b6-f8590994a03d', 'created': '2023-03-23T14:29:58.423145'}
2023-04-19T12:04:31.675665+00:00 INFO 'ansible_navigator.setup_logger' New ansible-navigator instance, logging initialized
2023-04-19T12:04:31.676107+00:00 INFO 'ansible_navigator.setup_logger' New ansible-runner instance, logging initialized
2023-04-19T12:04:31.676211+00:00 DEBUG 'ansible_navigator.main' ansible-builder==1.2.0 /root/.local/lib/python3.9/site-packages
2023-04-19T12:04:31.676279+00:00 DEBUG 'ansible_navigator.main' ansible-core==2.14.2 /root/.local/lib/python3.9/site-packages
2023-04-19T12:04:31.676331+00:00 DEBUG 'ansible_navigator.main' ansible-navigator==2.2.0 /root/.local/lib/python3.9/site-packages
2023-04-19T12:04:31.676372+00:00 DEBUG 'ansible_navigator.main' ansible-runner==2.3.1 /root/.local/lib/python3.9/site-packages
2023-04-19T12:04:31.676410+00:00 DEBUG 'ansible_navigator.main' ansible==7.2.0 /root/.local/lib/python3.9/site-packages
2023-04-19T12:04:31.676448+00:00 DEBUG 'ansible_navigator.main' attrs==22.2.0 /root/.local/lib/python3.9/site-packages
2023-04-19T12:04:31.676486+00:00 DEBUG 'ansible_navigator.main' bindep==2.11.0 /root/.local/lib/python3.9/site-packages
2023-04-19T12:04:31.676523+00:00 DEBUG 'ansible_navigator.main' cffi==1.15.1 /root/.local/lib/python3.9/site-packages
2023-04-19T12:04:31.676561+00:00 DEBUG 'ansible_navigator.main' chardet==4.0.0 /usr/lib/python3.9/site-packages
2023-04-19T12:04:31.676598+00:00 DEBUG 'ansible_navigator.main' cryptography==39.0.1 /root/.local/lib/python3.9/site-packages
2023-04-19T12:04:31.676636+00:00 DEBUG 'ansible_navigator.main' dasbus==1.4 /usr/lib/python3.9/site-packages
2023-04-19T12:04:31.676672+00:00 DEBUG 'ansible_navigator.main' dbus-python==1.2.18 /usr/lib64/python3.9/site-packages
2023-04-19T12:04:31.676710+00:00 DEBUG 'ansible_navigator.main' decorator==4.4.2 /usr/lib/python3.9/site-packages
2023-04-19T12:04:31.676747+00:00 DEBUG 'ansible_navigator.main' distro==1.8.0 /root/.local/lib/python3.9/site-packages
2023-04-19T12:04:31.676784+00:00 DEBUG 'ansible_navigator.main' docopt==0.6.2 /usr/local/lib/python3.9/site-packages
2023-04-19T12:04:31.676863+00:00 DEBUG 'ansible_navigator.main' docutils==0.19 /root/.local/lib/python3.9/site-packages
2023-04-19T12:04:31.676913+00:00 DEBUG 'ansible_navigator.main' ethtool==0.15 /usr/lib64/python3.9/site-packages
2023-04-19T12:04:31.676953+00:00 DEBUG 'ansible_navigator.main' file-magic==0.4.0 /usr/lib/python3.9/site-packages
2023-04-19T12:04:31.676990+00:00 DEBUG 'ansible_navigator.main' gpg==1.15.1 /usr/lib64/python3.9/site-packages
2023-04-19T12:04:31.677028+00:00 DEBUG 'ansible_navigator.main' idna==2.10 /usr/lib/python3.9/site-packages
2023-04-19T12:04:31.677065+00:00 DEBUG 'ansible_navigator.main' iniparse==0.4 /usr/lib/python3.9/site-packages
2023-04-19T12:04:31.677109+00:00 DEBUG 'ansible_navigator.main' jinja2==3.1.2 /root/.local/lib/python3.9/site-packages
2023-04-19T12:04:31.677149+00:00 DEBUG 'ansible_navigator.main' jsonschema==4.17.3 /root/.local/lib/python3.9/site-packages
2023-04-19T12:04:31.677186+00:00 DEBUG 'ansible_navigator.main' libcomps==0.1.18 /usr/lib64/python3.9/site-packages
2023-04-19T12:04:31.677222+00:00 DEBUG 'ansible_navigator.main' lockfile==0.12.2 /root/.local/lib/python3.9/site-packages
2023-04-19T12:04:31.677274+00:00 DEBUG 'ansible_navigator.main' lxml==4.6.5 /usr/lib64/python3.9/site-packages
2023-04-19T12:04:31.677326+00:00 DEBUG 'ansible_navigator.main' markupsafe==2.1.2 /root/.local/lib/python3.9/site-packages
2023-04-19T12:04:31.677365+00:00 DEBUG 'ansible_navigator.main' nftables==0.1 /usr/lib/python3.9/site-packages
2023-04-19T12:04:31.677409+00:00 DEBUG 'ansible_navigator.main' onigurumacffi==1.2.0 /root/.local/lib/python3.9/site-packages
2023-04-19T12:04:31.677446+00:00 DEBUG 'ansible_navigator.main' packaging==23.0 /root/.local/lib/python3.9/site-packages
2023-04-19T12:04:31.677483+00:00 DEBUG 'ansible_navigator.main' parsley==1.3 /root/.local/lib/python3.9/site-packages
2023-04-19T12:04:31.677520+00:00 DEBUG 'ansible_navigator.main' pbr==5.11.1 /root/.local/lib/python3.9/site-packages
2023-04-19T12:04:31.677557+00:00 DEBUG 'ansible_navigator.main' perf==0.1 /usr/lib64/python3.9/site-packages
2023-04-19T12:04:31.677593+00:00 DEBUG 'ansible_navigator.main' pexpect==4.8.0 /usr/lib/python3.9/site-packages
2023-04-19T12:04:31.677630+00:00 DEBUG 'ansible_navigator.main' pip==23.0.1 /root/.local/lib/python3.9/site-packages
2023-04-19T12:04:31.677667+00:00 DEBUG 'ansible_navigator.main' prompt-toolkit==3.0.36 /usr/local/lib/python3.9/site-packages
2023-04-19T12:04:31.677703+00:00 DEBUG 'ansible_navigator.main' psutil==5.8.0 /usr/lib64/python3.9/site-packages
2023-04-19T12:04:31.677763+00:00 DEBUG 'ansible_navigator.main' ptyprocess==0.6.0 /usr/lib/python3.9/site-packages
2023-04-19T12:04:31.677805+00:00 DEBUG 'ansible_navigator.main' pycparser==2.21 /root/.local/lib/python3.9/site-packages
2023-04-19T12:04:31.677864+00:00 DEBUG 'ansible_navigator.main' pyflakes==3.0.1 /usr/local/lib/python3.9/site-packages
2023-04-19T12:04:31.677903+00:00 DEBUG 'ansible_navigator.main' pygments==2.14.0 /usr/local/lib/python3.9/site-packages
2023-04-19T12:04:31.677940+00:00 DEBUG 'ansible_navigator.main' pygobject==3.40.1 /usr/lib64/python3.9/site-packages
2023-04-19T12:04:31.677978+00:00 DEBUG 'ansible_navigator.main' pyinotify==0.9.6 /usr/lib/python3.9/site-packages
2023-04-19T12:04:31.678014+00:00 DEBUG 'ansible_navigator.main' pyparsing==2.4.7 /usr/lib/python3.9/site-packages
2023-04-19T12:04:31.678051+00:00 DEBUG 'ansible_navigator.main' pyrsistent==0.19.3 /root/.local/lib/python3.9/site-packages
2023-04-19T12:04:31.678088+00:00 DEBUG 'ansible_navigator.main' pysocks==1.7.1 /usr/lib/python3.9/site-packages
2023-04-19T12:04:31.678124+00:00 DEBUG 'ansible_navigator.main' python-daemon==2.3.2 /root/.local/lib/python3.9/site-packages
2023-04-19T12:04:31.678161+00:00 DEBUG 'ansible_navigator.main' python-dateutil==2.8.1 /usr/lib/python3.9/site-packages
2023-04-19T12:04:31.678198+00:00 DEBUG 'ansible_navigator.main' python-linux-procfs==0.7.0 /usr/lib/python3.9/site-packages
2023-04-19T12:04:31.678235+00:00 DEBUG 'ansible_navigator.main' pyudev==0.22.0 /usr/lib/python3.9/site-packages
2023-04-19T12:04:31.678272+00:00 DEBUG 'ansible_navigator.main' pyvim==3.0.3 /usr/local/lib/python3.9/site-packages
2023-04-19T12:04:31.678308+00:00 DEBUG 'ansible_navigator.main' pyvmomi==8.0.0.1.2 /usr/local/lib/python3.9/site-packages
2023-04-19T12:04:31.678344+00:00 DEBUG 'ansible_navigator.main' pyyaml==5.4.1 /usr/lib64/python3.9/site-packages
2023-04-19T12:04:31.678380+00:00 DEBUG 'ansible_navigator.main' requests==2.25.1 /usr/lib/python3.9/site-packages
2023-04-19T12:04:31.678428+00:00 DEBUG 'ansible_navigator.main' requirements-parser==0.5.0 /root/.local/lib/python3.9/site-packages
2023-04-19T12:04:31.678469+00:00 DEBUG 'ansible_navigator.main' resolvelib==0.5.4 /root/.local/lib/python3.9/site-packages
2023-04-19T12:04:31.678505+00:00 DEBUG 'ansible_navigator.main' rpm==4.16.1.3 /usr/lib64/python3.9/site-packages
2023-04-19T12:04:31.678542+00:00 DEBUG 'ansible_navigator.main' selinux==3.4 /usr/lib64/python3.9/site-packages
2023-04-19T12:04:31.678579+00:00 DEBUG 'ansible_navigator.main' sepolicy==3.4 /usr/lib/python3.9/site-packages
2023-04-19T12:04:31.678616+00:00 DEBUG 'ansible_navigator.main' setools==4.4.0 /usr/lib64/python3.9/site-packages
2023-04-19T12:04:31.678660+00:00 DEBUG 'ansible_navigator.main' setroubleshoot==1.1 /usr/lib/python3.9/site-packages
2023-04-19T12:04:31.678699+00:00 DEBUG 'ansible_navigator.main' setuptools==53.0.0 /usr/lib/python3.9/site-packages
2023-04-19T12:04:31.678749+00:00 DEBUG 'ansible_navigator.main' six==1.15.0 /usr/lib/python3.9/site-packages
2023-04-19T12:04:31.678791+00:00 DEBUG 'ansible_navigator.main' sos==4.5.0 /usr/lib/python3.9/site-packages
2023-04-19T12:04:31.678845+00:00 DEBUG 'ansible_navigator.main' subscription-manager==1.29.30.1 /usr/lib64/python3.9/site-packages
2023-04-19T12:04:31.678887+00:00 DEBUG 'ansible_navigator.main' systemd-python==234 /usr/lib64/python3.9/site-packages
2023-04-19T12:04:31.678925+00:00 DEBUG 'ansible_navigator.main' types-docutils==0.19.1.5 /root/.local/lib/python3.9/site-packages
2023-04-19T12:04:31.678966+00:00 DEBUG 'ansible_navigator.main' types-setuptools==67.3.0.2 /root/.local/lib/python3.9/site-packages
2023-04-19T12:04:31.679002+00:00 DEBUG 'ansible_navigator.main' tzdata==2022.7 /root/.local/lib/python3.9/site-packages
2023-04-19T12:04:31.679039+00:00 DEBUG 'ansible_navigator.main' urllib3==1.26.5 /usr/lib/python3.9/site-packages
2023-04-19T12:04:31.679076+00:00 DEBUG 'ansible_navigator.main' wcwidth==0.2.6 /usr/local/lib/python3.9/site-packages
2023-04-19T12:04:31.679113+00:00 DEBUG 'ansible_navigator.main' wheel==0.38.4 /root/.local/lib/python3.9/site-packages
2023-04-19T12:04:31.679150+00:00 DEBUG 'ansible_navigator.main' Share directory '/root/.local/lib/python3.9/share/ansible_navigator' not found (development path)
2023-04-19T12:04:31.679187+00:00 DEBUG 'ansible_navigator.main' Share directory '/root/.local/share/ansible_navigator' found (userbase)
2023-04-19T12:04:31.679232+00:00 DEBUG 'ansible_navigator.main' Default collection_doc_cache_path set to: /root/.cache/ansible-navigator/collection_doc_cache.db
2023-04-19T12:04:31.679268+00:00 DEBUG 'ansible_navigator.main' EDITOR environment variable not set
2023-04-19T12:04:31.679304+00:00 DEBUG 'ansible_navigator.main' Default editor_command set to: vi +{line_number} {filename}
2023-04-19T12:04:31.679341+00:00 DEBUG 'ansible_navigator.main' No config file set by ANSIBLE_NAVIGATOR_CONFIG
2023-04-19T12:04:31.679377+00:00 DEBUG 'ansible_navigator.main' Looking in /root
2023-04-19T12:04:31.679413+00:00 DEBUG 'ansible_navigator.main' Looking for '/root/.ansible-navigator.yml', '/root/.ansible-navigator.yaml' and '/root/.ansible-navigator.json'
2023-04-19T12:04:31.679450+00:00 DEBUG 'ansible_navigator.main' Found 1: '/root/.ansible-navigator.yml'
2023-04-19T12:04:31.679500+00:00 DEBUG 'ansible_navigator.main' Looking in /root/Ansible
2023-04-19T12:04:31.679549+00:00 DEBUG 'ansible_navigator.main' Looking for '/root/Ansible/ansible-navigator.yml', '/root/Ansible/ansible-navigator.yaml' and '/root/Ansible/ansible-navigator.json'
2023-04-19T12:04:31.679588+00:00 DEBUG 'ansible_navigator.main' Found 1: '/root/Ansible/ansible-navigator.yml'
2023-04-19T12:04:31.679626+00:00 DEBUG 'ansible_navigator.main' All found 2: '/root/.ansible-navigator.yml' and '/root/Ansible/ansible-navigator.yml'
2023-04-19T12:04:31.679662+00:00 DEBUG 'ansible_navigator.main' Using: /root/Ansible/ansible-navigator.yml
2023-04-19T12:04:31.679699+00:00 DEBUG 'ansible_navigator.main' Using settings file at /root/Ansible/ansible-navigator.yml in search path
2023-04-19T12:04:31.679735+00:00 DEBUG 'ansible_navigator.main' Command provided: 'iamges'
2023-04-19T12:04:31.679772+00:00 DEBUG 'ansible_navigator.main' ansible-navigator.ansible-runner.artifact-dir not found in settings file
2023-04-19T12:04:31.679813+00:00 DEBUG 'ansible_navigator.main' ansible-navigator.ansible-runner.rotate-artifacts-count not found in settings file
2023-04-19T12:04:31.679869+00:00 DEBUG 'ansible_navigator.main' ansible-navigator.ansible-runner.timeout not found in settings file
2023-04-19T12:04:31.679908+00:00 DEBUG 'ansible_navigator.main' ansible-navigator.app not found in settings file
2023-04-19T12:04:31.679946+00:00 DEBUG 'ansible_navigator.main' ansible-navigator.ansible.cmdline not found in settings file
2023-04-19T12:04:31.679990+00:00 DEBUG 'ansible_navigator.main' ansible-navigator.collection-doc-cache-path not found in settings file
2023-04-19T12:04:31.680029+00:00 DEBUG 'ansible_navigator.main' ansible-navigator.ansible.config.path not found in settings file
2023-04-19T12:04:31.680067+00:00 DEBUG 'ansible_navigator.main' ansible-navigator.execution-environment.container-engine not found in settings file
2023-04-19T12:04:31.680103+00:00 DEBUG 'ansible_navigator.main' ansible-navigator.execution-environment.container-options not found in settings file
2023-04-19T12:04:31.680140+00:00 DEBUG 'ansible_navigator.main' ansible-navigator.color.enable not found in settings file
2023-04-19T12:04:31.680176+00:00 DEBUG 'ansible_navigator.main' ansible-navigator.editor.command not found in settings file
2023-04-19T12:04:31.680212+00:00 DEBUG 'ansible_navigator.main' ansible-navigator.editor.console not found in settings file
2023-04-19T12:04:31.680249+00:00 DEBUG 'ansible_navigator.main' ansible-navigator.exec.command not found in settings file
2023-04-19T12:04:31.680286+00:00 DEBUG 'ansible_navigator.main' ansible-navigator.exec.shell not found in settings file
2023-04-19T12:04:31.680322+00:00 DEBUG 'ansible_navigator.main' ansible-navigator.execution-environment.enabled not found in settings file
2023-04-19T12:04:31.680359+00:00 DEBUG 'ansible_navigator.main' ansible-navigator.execution-environment.image not found in settings file
2023-04-19T12:04:31.680395+00:00 DEBUG 'ansible_navigator.main' ansible-navigator.execution-environment.volume-mounts not found in settings file
2023-04-19T12:04:31.680432+00:00 DEBUG 'ansible_navigator.main' ansible-navigator.ansible-builder.help not found in settings file
2023-04-19T12:04:31.680468+00:00 DEBUG 'ansible_navigator.main' ansible-navigator.ansible.config.help not found in settings file
2023-04-19T12:04:31.680505+00:00 DEBUG 'ansible_navigator.main' ansible-navigator.ansible.doc.help not found in settings file
2023-04-19T12:04:31.680542+00:00 DEBUG 'ansible_navigator.main' ansible-navigator.ansible.inventory.help not found in settings file
2023-04-19T12:04:31.680578+00:00 DEBUG 'ansible_navigator.main' ansible-navigator.ansible.playbook.help not found in settings file
2023-04-19T12:04:31.680614+00:00 DEBUG 'ansible_navigator.main' ansible-navigator.images.details not found in settings file
2023-04-19T12:04:31.680662+00:00 DEBUG 'ansible_navigator.main' ansible-navigator.ansible.inventory.entries not found in settings file
2023-04-19T12:04:31.680700+00:00 DEBUG 'ansible_navigator.main' ansible-navigator.inventory-columns not found in settings file
2023-04-19T12:04:31.680737+00:00 DEBUG 'ansible_navigator.main' ansible-navigator.ansible-lint.config not found in settings file
2023-04-19T12:04:31.680774+00:00 DEBUG 'ansible_navigator.main' ansible-navigator.ansible-lint.lintables not found in settings file
2023-04-19T12:04:31.680810+00:00 DEBUG 'ansible_navigator.main' ansible-navigator.logging.append not found in settings file
2023-04-19T12:04:31.680865+00:00 DEBUG 'ansible_navigator.main' ansible-navigator.logging.file not found in settings file
2023-04-19T12:04:31.680903+00:00 DEBUG 'ansible_navigator.main' ansible-navigator.mode not found in settings file
2023-04-19T12:04:31.680940+00:00 DEBUG 'ansible_navigator.main' ansible-navigator.color.osc4 not found in settings file
2023-04-19T12:04:31.680977+00:00 DEBUG 'ansible_navigator.main' ansible-navigator.execution-environment.environment-variables.pass not found in settings file
2023-04-19T12:04:31.681014+00:00 DEBUG 'ansible_navigator.main' ansible-navigator.ansible.playbook.path not found in settings file
2023-04-19T12:04:31.681050+00:00 DEBUG 'ansible_navigator.main' ansible-navigator.playbook-artifact.replay not found in settings file
2023-04-19T12:04:31.681087+00:00 DEBUG 'ansible_navigator.main' ansible-navigator.playbook-artifact.save-as not found in settings file
2023-04-19T12:04:31.681123+00:00 DEBUG 'ansible_navigator.main' ansible-navigator.ansible.doc.plugin.name not found in settings file
2023-04-19T12:04:31.681166+00:00 DEBUG 'ansible_navigator.main' ansible-navigator.ansible.doc.plugin.type not found in settings file
2023-04-19T12:04:31.681206+00:00 DEBUG 'ansible_navigator.main' ansible-navigator.execution-environment.pull.arguments not found in settings file
2023-04-19T12:04:31.681243+00:00 DEBUG 'ansible_navigator.main' ansible-navigator.execution-environment.pull.policy not found in settings file
2023-04-19T12:04:31.681280+00:00 DEBUG 'ansible_navigator.main' ansible-navigator.execution-environment.environment-variables.set not found in settings file
2023-04-19T12:04:31.681317+00:00 DEBUG 'ansible_navigator.main' ansible-navigator.settings.effective not found in settings file
2023-04-19T12:04:31.681363+00:00 DEBUG 'ansible_navigator.main' ansible-navigator.settings.sample not found in settings file
2023-04-19T12:04:31.681405+00:00 DEBUG 'ansible_navigator.main' ansible-navigator.settings.schema not found in settings file
2023-04-19T12:04:31.681442+00:00 DEBUG 'ansible_navigator.main' ansible-navigator.settings.sources not found in settings file
2023-04-19T12:04:31.681479+00:00 DEBUG 'ansible_navigator.main' ansible-navigator.time-zone not found in settings file
2023-04-19T12:04:31.681517+00:00 DEBUG 'ansible_navigator.main' ansible-navigator.ansible-builder.workdir not found in settings file
2023-04-19T12:04:31.681558+00:00 WARNING 'ansible_navigator.main' Configuration errors encountered, rolling back to previous configuration.
2023-04-19T12:04:31.681597+00:00 DEBUG 'ansible_navigator.main' Prior to rollback: ansible_runner_artifact_dir = 'Not set' (Constants/Not set)
2023-04-19T12:04:31.681634+00:00 DEBUG 'ansible_navigator.main' Prior to rollback: ansible_runner_rotate_artifacts_count = 'Not set' (Constants/Not set)
2023-04-19T12:04:31.681671+00:00 DEBUG 'ansible_navigator.main' Prior to rollback: ansible_runner_timeout = 'Not set' (Constants/Not set)
2023-04-19T12:04:31.681708+00:00 DEBUG 'ansible_navigator.main' Prior to rollback: app = 'welcome' (str/Defaults)
2023-04-19T12:04:31.681751+00:00 DEBUG 'ansible_navigator.main' Prior to rollback: cmdline = '['iamges']' (list/Command line)
2023-04-19T12:04:31.681793+00:00 DEBUG 'ansible_navigator.main' Prior to rollback: collection_doc_cache_path = '/root/.cache/ansible-navigator/collection_doc_cache.db' (str/Defaults)
2023-04-19T12:04:31.681850+00:00 DEBUG 'ansible_navigator.main' Prior to rollback: config = 'Not set' (Constants/Not set)
2023-04-19T12:04:31.681892+00:00 DEBUG 'ansible_navigator.main' Prior to rollback: container_engine = 'auto' (str/Defaults)
2023-04-19T12:04:31.681930+00:00 DEBUG 'ansible_navigator.main' Prior to rollback: container_options = 'Not set' (Constants/Not set)
2023-04-19T12:04:31.681967+00:00 DEBUG 'ansible_navigator.main' Prior to rollback: display_color = 'True' (bool/Defaults)
2023-04-19T12:04:31.682004+00:00 DEBUG 'ansible_navigator.main' Prior to rollback: editor_command = 'vi +{line_number} {filename}' (str/Defaults)
2023-04-19T12:04:31.682041+00:00 DEBUG 'ansible_navigator.main' Prior to rollback: editor_console = 'True' (bool/Defaults)
2023-04-19T12:04:31.682078+00:00 DEBUG 'ansible_navigator.main' Prior to rollback: exec_command = '/bin/bash' (str/Defaults)
2023-04-19T12:04:31.682115+00:00 DEBUG 'ansible_navigator.main' Prior to rollback: exec_shell = 'True' (bool/Defaults)
2023-04-19T12:04:31.682151+00:00 DEBUG 'ansible_navigator.main' Prior to rollback: execution_environment = 'True' (bool/Defaults)
2023-04-19T12:04:31.682188+00:00 DEBUG 'ansible_navigator.main' Prior to rollback: execution_environment_image = 'quay.io/ansible/creator-ee:v0.9.1' (str/Defaults)
2023-04-19T12:04:31.682224+00:00 DEBUG 'ansible_navigator.main' Prior to rollback: execution_environment_volume_mounts = 'Not set' (Constants/Not set)
2023-04-19T12:04:31.682261+00:00 DEBUG 'ansible_navigator.main' Prior to rollback: help_builder = 'False' (bool/Defaults)
2023-04-19T12:04:31.682298+00:00 DEBUG 'ansible_navigator.main' Prior to rollback: help_config = 'False' (bool/Defaults)
2023-04-19T12:04:31.682334+00:00 DEBUG 'ansible_navigator.main' Prior to rollback: help_doc = 'False' (bool/Defaults)
2023-04-19T12:04:31.682379+00:00 DEBUG 'ansible_navigator.main' Prior to rollback: help_inventory = 'False' (bool/Defaults)
2023-04-19T12:04:31.682418+00:00 DEBUG 'ansible_navigator.main' Prior to rollback: help_playbook = 'False' (bool/Defaults)
2023-04-19T12:04:31.682455+00:00 DEBUG 'ansible_navigator.main' Prior to rollback: images_details = '['everything']' (list/Defaults)
2023-04-19T12:04:31.682492+00:00 DEBUG 'ansible_navigator.main' Prior to rollback: inventory = 'Not set' (Constants/Not set)
2023-04-19T12:04:31.682528+00:00 DEBUG 'ansible_navigator.main' Prior to rollback: inventory_column = 'Not set' (Constants/Not set)
2023-04-19T12:04:31.682564+00:00 DEBUG 'ansible_navigator.main' Prior to rollback: lint_config = 'Not set' (Constants/Not set)
2023-04-19T12:04:31.682601+00:00 DEBUG 'ansible_navigator.main' Prior to rollback: lintables = 'Not set' (Constants/Not set)
2023-04-19T12:04:31.682638+00:00 DEBUG 'ansible_navigator.main' Prior to rollback: log_append = 'True' (bool/Defaults)
2023-04-19T12:04:31.682674+00:00 DEBUG 'ansible_navigator.main' Prior to rollback: log_file = '/root/Ansible/ansible-navigator.log' (str/Defaults)
2023-04-19T12:04:31.682711+00:00 DEBUG 'ansible_navigator.main' Prior to rollback: log_level = 'critical' (str/Settings file)
2023-04-19T12:04:31.682748+00:00 DEBUG 'ansible_navigator.main' Prior to rollback: mode = 'interactive' (str/Defaults)
2023-04-19T12:04:31.682785+00:00 DEBUG 'ansible_navigator.main' Prior to rollback: osc4 = 'True' (bool/Defaults)
2023-04-19T12:04:31.682833+00:00 DEBUG 'ansible_navigator.main' Prior to rollback: pass_environment_variable = 'Not set' (Constants/Not set)
2023-04-19T12:04:31.682888+00:00 DEBUG 'ansible_navigator.main' Prior to rollback: playbook = 'Not set' (Constants/Not set)
2023-04-19T12:04:31.682927+00:00 DEBUG 'ansible_navigator.main' Prior to rollback: playbook_artifact_enable = 'False' (bool/Settings file)
2023-04-19T12:04:31.682964+00:00 DEBUG 'ansible_navigator.main' Prior to rollback: playbook_artifact_replay = 'Not set' (Constants/Not set)
2023-04-19T12:04:31.683001+00:00 DEBUG 'ansible_navigator.main' Prior to rollback: playbook_artifact_save_as = '{playbook_dir}/{playbook_name}-artifact-{time_stamp}.json' (str/Defaults)
2023-04-19T12:04:31.683038+00:00 DEBUG 'ansible_navigator.main' Prior to rollback: plugin_name = 'Not set' (Constants/Not set)
2023-04-19T12:04:31.683075+00:00 DEBUG 'ansible_navigator.main' Prior to rollback: plugin_type = 'module' (str/Defaults)
2023-04-19T12:04:31.683112+00:00 DEBUG 'ansible_navigator.main' Prior to rollback: pull_arguments = 'Not set' (Constants/Not set)
2023-04-19T12:04:31.683149+00:00 DEBUG 'ansible_navigator.main' Prior to rollback: pull_policy = 'tag' (str/Defaults)
2023-04-19T12:04:31.683186+00:00 DEBUG 'ansible_navigator.main' Prior to rollback: set_environment_variable = 'Not set' (Constants/Not set)
2023-04-19T12:04:31.683223+00:00 DEBUG 'ansible_navigator.main' Prior to rollback: settings_effective = 'False' (bool/Defaults)
2023-04-19T12:04:31.683259+00:00 DEBUG 'ansible_navigator.main' Prior to rollback: settings_sample = 'False' (bool/Defaults)
2023-04-19T12:04:31.683296+00:00 DEBUG 'ansible_navigator.main' Prior to rollback: settings_schema = 'json' (str/Defaults)
2023-04-19T12:04:31.683333+00:00 DEBUG 'ansible_navigator.main' Prior to rollback: settings_sources = 'False' (bool/Defaults)
2023-04-19T12:04:31.683378+00:00 DEBUG 'ansible_navigator.main' Prior to rollback: time_zone = 'UTC' (str/Defaults)
2023-04-19T12:04:31.683414+00:00 DEBUG 'ansible_navigator.main' Prior to rollback: workdir = '/root/Ansible' (str/Defaults)
2023-04-19T12:04:31.683451+00:00 DEBUG 'ansible_navigator.main' After rollback: ansible_runner_artifact_dir = 'Not set' (Constants/Not set)
2023-04-19T12:04:31.683488+00:00 DEBUG 'ansible_navigator.main' After rollback: ansible_runner_rotate_artifacts_count = 'Not set' (Constants/Not set)
2023-04-19T12:04:31.683525+00:00 DEBUG 'ansible_navigator.main' After rollback: ansible_runner_timeout = 'Not set' (Constants/Not set)
2023-04-19T12:04:31.683568+00:00 DEBUG 'ansible_navigator.main' After rollback: app = 'Not set' (Constants/Not set)
2023-04-19T12:04:31.683608+00:00 DEBUG 'ansible_navigator.main' After rollback: cmdline = 'Not set' (Constants/Not set)
2023-04-19T12:04:31.683645+00:00 DEBUG 'ansible_navigator.main' After rollback: collection_doc_cache_path = 'Not set' (Constants/Not set)
2023-04-19T12:04:31.683682+00:00 DEBUG 'ansible_navigator.main' After rollback: config = 'Not set' (Constants/Not set)
2023-04-19T12:04:31.683719+00:00 DEBUG 'ansible_navigator.main' After rollback: container_engine = 'Not set' (Constants/Not set)
2023-04-19T12:04:31.683756+00:00 DEBUG 'ansible_navigator.main' After rollback: container_options = 'Not set' (Constants/Not set)
2023-04-19T12:04:31.683792+00:00 DEBUG 'ansible_navigator.main' After rollback: display_color = 'Not set' (Constants/Not set)
2023-04-19T12:04:31.683846+00:00 DEBUG 'ansible_navigator.main' After rollback: editor_command = 'Not set' (Constants/Not set)
2023-04-19T12:04:31.683887+00:00 DEBUG 'ansible_navigator.main' After rollback: editor_console = 'Not set' (Constants/Not set)
2023-04-19T12:04:31.683924+00:00 DEBUG 'ansible_navigator.main' After rollback: exec_command = 'Not set' (Constants/Not set)
2023-04-19T12:04:31.683964+00:00 DEBUG 'ansible_navigator.main' After rollback: exec_shell = 'Not set' (Constants/Not set)
2023-04-19T12:04:31.684010+00:00 DEBUG 'ansible_navigator.main' After rollback: execution_environment = 'Not set' (Constants/Not set)
2023-04-19T12:04:31.684048+00:00 DEBUG 'ansible_navigator.main' After rollback: execution_environment_image = 'Not set' (Constants/Not set)
2023-04-19T12:04:31.684085+00:00 DEBUG 'ansible_navigator.main' After rollback: execution_environment_volume_mounts = 'Not set' (Constants/Not set)
2023-04-19T12:04:31.684122+00:00 DEBUG 'ansible_navigator.main' After rollback: help_builder = 'Not set' (Constants/Not set)
2023-04-19T12:04:31.684159+00:00 DEBUG 'ansible_navigator.main' After rollback: help_config = 'Not set' (Constants/Not set)
2023-04-19T12:04:31.684195+00:00 DEBUG 'ansible_navigator.main' After rollback: help_doc = 'Not set' (Constants/Not set)
2023-04-19T12:04:31.684232+00:00 DEBUG 'ansible_navigator.main' After rollback: help_inventory = 'Not set' (Constants/Not set)
2023-04-19T12:04:31.684269+00:00 DEBUG 'ansible_navigator.main' After rollback: help_playbook = 'Not set' (Constants/Not set)
2023-04-19T12:04:31.684306+00:00 DEBUG 'ansible_navigator.main' After rollback: images_details = 'Not set' (Constants/Not set)
2023-04-19T12:04:31.684343+00:00 DEBUG 'ansible_navigator.main' After rollback: inventory = 'Not set' (Constants/Not set)
2023-04-19T12:04:31.684390+00:00 DEBUG 'ansible_navigator.main' After rollback: inventory_column = 'Not set' (Constants/Not set)
2023-04-19T12:04:31.684428+00:00 DEBUG 'ansible_navigator.main' After rollback: lint_config = 'Not set' (Constants/Not set)
2023-04-19T12:04:31.684465+00:00 DEBUG 'ansible_navigator.main' After rollback: lintables = 'Not set' (Constants/Not set)
2023-04-19T12:04:31.684502+00:00 DEBUG 'ansible_navigator.main' After rollback: log_append = 'Not set' (Constants/Not set)
2023-04-19T12:04:31.684539+00:00 DEBUG 'ansible_navigator.main' After rollback: log_file = 'Not set' (Constants/Not set)
2023-04-19T12:04:31.684576+00:00 DEBUG 'ansible_navigator.main' After rollback: log_level = 'Not set' (Constants/Not set)
2023-04-19T12:04:31.684613+00:00 DEBUG 'ansible_navigator.main' After rollback: mode = 'Not set' (Constants/Not set)
2023-04-19T12:04:31.684650+00:00 DEBUG 'ansible_navigator.main' After rollback: osc4 = 'Not set' (Constants/Not set)
2023-04-19T12:04:31.684688+00:00 DEBUG 'ansible_navigator.main' After rollback: pass_environment_variable = 'Not set' (Constants/Not set)
2023-04-19T12:04:31.684725+00:00 DEBUG 'ansible_navigator.main' After rollback: playbook = 'Not set' (Constants/Not set)
2023-04-19T12:04:31.684762+00:00 DEBUG 'ansible_navigator.main' After rollback: playbook_artifact_enable = 'Not set' (Constants/Not set)
2023-04-19T12:04:31.684799+00:00 DEBUG 'ansible_navigator.main' After rollback: playbook_artifact_replay = 'Not set' (Constants/Not set)
2023-04-19T12:04:31.684860+00:00 DEBUG 'ansible_navigator.main' After rollback: playbook_artifact_save_as = 'Not set' (Constants/Not set)
2023-04-19T12:04:31.684903+00:00 DEBUG 'ansible_navigator.main' After rollback: plugin_name = 'Not set' (Constants/Not set)
2023-04-19T12:04:31.684940+00:00 DEBUG 'ansible_navigator.main' After rollback: plugin_type = 'Not set' (Constants/Not set)
2023-04-19T12:04:31.684989+00:00 DEBUG 'ansible_navigator.main' After rollback: pull_arguments = 'Not set' (Constants/Not set)
2023-04-19T12:04:31.685035+00:00 DEBUG 'ansible_navigator.main' After rollback: pull_policy = 'Not set' (Constants/Not set)
2023-04-19T12:04:31.685076+00:00 DEBUG 'ansible_navigator.main' After rollback: set_environment_variable = 'Not set' (Constants/Not set)
2023-04-19T12:04:31.685124+00:00 DEBUG 'ansible_navigator.main' After rollback: settings_effective = 'Not set' (Constants/Not set)
2023-04-19T12:04:31.685168+00:00 DEBUG 'ansible_navigator.main' After rollback: settings_sample = 'Not set' (Constants/Not set)
2023-04-19T12:04:31.685225+00:00 DEBUG 'ansible_navigator.main' After rollback: settings_schema = 'Not set' (Constants/Not set)
2023-04-19T12:04:31.685285+00:00 DEBUG 'ansible_navigator.main' After rollback: settings_sources = 'Not set' (Constants/Not set)
2023-04-19T12:04:31.685363+00:00 DEBUG 'ansible_navigator.main' After rollback: time_zone = 'Not set' (Constants/Not set)
2023-04-19T12:04:31.685413+00:00 DEBUG 'ansible_navigator.main' After rollback: workdir = 'Not set' (Constants/Not set)
2023-04-19T12:04:31.685451+00:00 DEBUG 'ansible_navigator.main' Configuration rollback complete.
2023-04-19T12:04:31.685488+00:00 DEBUG 'ansible_navigator.main' Collection doc cache not mounted
2023-04-19T12:04:31.685536+00:00 WARNING 'ansible_navigator.main' Issues were found while applying the settings.
2023-04-19T12:04:31.685592+00:00 INFO 'ansible_navigator.main' Command provided: 'iamges'
2023-04-19T12:04:31.685639+00:00 ERROR 'ansible_navigator.main' argument {subcommand} --help: invalid choice: 'iamges' (choose from 'builder', 'collections', 'config', 'doc', 'exec', 'images', 'inventory', 'lint', 'replay', 'run', 'settings', 'welcome')
2023-04-19T12:04:31.685683+00:00 INFO 'ansible_navigator.main' Configuration failed, using default log file location. (/root/Ansible/ansible-navigator.log) Log level set to debug
2023-04-19T12:04:31.685725+00:00 INFO 'ansible_navigator.main' Review the hints and log file to see what went wrong.
